[debug] [2019-10-23T23:55:03.098Z] ----------------------------------------------------------------------
[debug] [2019-10-23T23:55:03.100Z] Command:       /home/linuxbrew/.linuxbrew/Cellar/node/12.9.1/bin/node /home/linuxbrew/.linuxbrew/bin/firebase init
[debug] [2019-10-23T23:55:03.100Z] CLI Version:   7.5.0
[debug] [2019-10-23T23:55:03.100Z] Platform:      linux
[debug] [2019-10-23T23:55:03.100Z] Node Version:  v12.9.1
[debug] [2019-10-23T23:55:03.100Z] Time:          Wed Oct 23 2019 19:55:03 GMT-0400 (Eastern Daylight Time)
[debug] [2019-10-23T23:55:03.100Z] ----------------------------------------------------------------------
[debug] 
[debug] [2019-10-23T23:55:03.104Z] > command requires scopes: ["email","openid","https://www.googleapis.com/auth/cloudplatformprojects.readonly","https://www.googleapis.com/auth/firebase","https://www.googleapis.com/auth/cloud-platform"]
[debug] [2019-10-23T23:55:03.104Z] > authorizing via signed-in user
[info] 
     ######## #### ########  ######## ########     ###     ######  ########
     ##        ##  ##     ## ##       ##     ##  ##   ##  ##       ##
     ######    ##  ########  ######   ########  #########  ######  ######
     ##        ##  ##    ##  ##       ##     ## ##     ##       ## ##
     ##       #### ##     ## ######## ########  ##     ##  ######  ########

You're about to initialize a Firebase project in this directory:

  /home/sukritwalia/code/projects/mod-4-final/typing-royale-frontend

Before we get started, keep in mind:

  * You are initializing in an existing Firebase project directory

[info] 
=== Project Setup
[info] 
[info] First, let's associate this project directory with a Firebase project.
[info] You can create multiple project aliases by running firebase use --add, 
[info] but for now we'll just set up a default project.
[info] 
[info] i  .firebaserc already has a default project, using typing-royale.
[debug] [2019-10-23T23:55:07.690Z] > refreshing access token with scopes: ["email","https://www.googleapis.com/auth/cloud-platform","https://www.googleapis.com/auth/cloudplatformprojects.readonly","https://www.googleapis.com/auth/firebase","openid"]
[debug] [2019-10-23T23:55:07.690Z] >>> HTTP REQUEST POST https://www.googleapis.com/oauth2/v3/token  
 <request body omitted>
[debug] [2019-10-23T23:55:11.610Z] ----------------------------------------------------------------------
[debug] [2019-10-23T23:55:11.612Z] Command:       /home/linuxbrew/.linuxbrew/Cellar/node/12.9.1/bin/node /home/linuxbrew/.linuxbrew/bin/firebase deploy
[debug] [2019-10-23T23:55:11.612Z] CLI Version:   7.5.0
[debug] [2019-10-23T23:55:11.612Z] Platform:      linux
[debug] [2019-10-23T23:55:11.612Z] Node Version:  v12.9.1
[debug] [2019-10-23T23:55:11.612Z] Time:          Wed Oct 23 2019 19:55:11 GMT-0400 (Eastern Daylight Time)
[debug] [2019-10-23T23:55:11.612Z] ----------------------------------------------------------------------
[debug] 
[debug] [2019-10-23T23:55:11.616Z] > command requires scopes: ["email","openid","https://www.googleapis.com/auth/cloudplatformprojects.readonly","https://www.googleapis.com/auth/firebase","https://www.googleapis.com/auth/cloud-platform"]
[debug] [2019-10-23T23:55:11.616Z] > authorizing via signed-in user
[debug] [2019-10-23T23:55:11.617Z] [iam] checking project typing-royale for permissions ["firebase.projects.get","firebasehosting.sites.update"]
[debug] [2019-10-23T23:55:11.618Z] > refreshing access token with scopes: ["email","https://www.googleapis.com/auth/cloud-platform","https://www.googleapis.com/auth/cloudplatformprojects.readonly","https://www.googleapis.com/auth/firebase","openid"]
[debug] [2019-10-23T23:55:11.618Z] >>> HTTP REQUEST POST https://www.googleapis.com/oauth2/v3/token  
 <request body omitted>
